<?xml version="1.0" ?><testsuite name="JUnit 5" tests="5" skipped="1" failures="0" errors="0" time="0.447" hostname="MacBook-Pro-de-ORTEGA.local" timestamp="2016-03-13T16:01:38"><!--Unique ID: junit5--><properties>
[...]
</properties><testcase name="find last task" classname="fr.xebia.task.MockedTodoListServiceTest" time="0.414"><!--Unique ID: junit5:fr.xebia.task.MockedTodoListServiceTest#should_find_last_task_to_execute()--></testcase><testcase name="First case: when changing my list" classname="fr.xebia.task.TodoListServiceTest" time="0.002"><!--Unique ID: junit5:fr.xebia.task.TodoListServiceTest#should_change_an_item()--></testcase><testcase name="second case: when changing my list and getting  completed collection" classname="fr.xebia.task.TodoListServiceTest" time="0"><!--Unique ID: junit5:fr.xebia.task.TodoListServiceTest#should_change_an_item_and_get_completed_list()--><skipped>public void fr.xebia.task.TodoListServiceTest.should_change_an_item_and_get_completed_list() is @Disabled</skipped></testcase><testcase name="second case: when changing my list and getting collection of one item" classname="fr.xebia.task.TodoListServiceTest" time="0"><!--Unique ID: junit5:fr.xebia.task.TodoListServiceTest#should_change_an_item_and_get_one_item_list()--></testcase><testcase name="second case: when changing my list and getting collection of one item" classname="fr.xebia.task.TodoListServiceTest" time="0"><!--Unique ID: junit5:fr.xebia.task.TodoListServiceTest#should_get_delay_exception_when_task_date_under_today()--></testcase></testsuite>